<?xml version="1.0" encoding="UTF-8"?>
<testsuite xmlns:xsi="http://www.w3.org/2001/XMLSchema-instance" xsi:noNamespaceSchemaLocation="https://maven.apache.org/surefire/maven-surefire-plugin/xsd/surefire-test-report.xsd" name="com.semanticsquare.lambdas.AppTest" time="0.046" tests="1" errors="0" skipped="0" failures="0">
  <properties>
    <property name="java.specification.version" value="17"/>
    <property name="sun.jnu.encoding" value="UTF-8"/>
    <property name="java.class.path" value="/media/phuong/DATA/Spring_ly_thuyet/lambdas/target/test-classes:/media/phuong/DATA/Spring_ly_thuyet/lambdas/target/classes:/home/phuong/.m2/repository/junit/junit/4.11/junit-4.11.jar:/home/phuong/.m2/repository/org/hamcrest/hamcrest-core/1.3/hamcrest-core-1.3.jar:/home/phuong/.m2/repository/net/sourceforge/htmlcleaner/htmlcleaner/2.26/htmlcleaner-2.26.jar:/home/phuong/.m2/repository/org/jdom/jdom2/2.0.6.1/jdom2-2.0.6.1.jar:"/>
    <property name="java.vm.vendor" value="Oracle Corporation"/>
    <property name="sun.arch.data.model" value="64"/>
    <property name="java.vendor.url" value="https://java.oracle.com/"/>
    <property name="os.name" value="Linux"/>
    <property name="java.vm.specification.version" value="17"/>
    <property name="sun.java.launcher" value="SUN_STANDARD"/>
    <property name="user.country" value="US"/>
    <property name="sun.boot.library.path" value="/opt/jdk-17/lib"/>
    <property name="sun.java.command" value="/media/phuong/DATA/Spring_ly_thuyet/lambdas/target/surefire/surefirebooter3968313672754005141.jar /media/phuong/DATA/Spring_ly_thuyet/lambdas/target/surefire 2022-08-01T23-03-38_119-jvmRun1 surefire14152916053466165482tmp surefire_09590248688461425306tmp"/>
    <property name="jdk.debug" value="release"/>
    <property name="surefire.test.class.path" value="/media/phuong/DATA/Spring_ly_thuyet/lambdas/target/test-classes:/media/phuong/DATA/Spring_ly_thuyet/lambdas/target/classes:/home/phuong/.m2/repository/junit/junit/4.11/junit-4.11.jar:/home/phuong/.m2/repository/org/hamcrest/hamcrest-core/1.3/hamcrest-core-1.3.jar:/home/phuong/.m2/repository/net/sourceforge/htmlcleaner/htmlcleaner/2.26/htmlcleaner-2.26.jar:/home/phuong/.m2/repository/org/jdom/jdom2/2.0.6.1/jdom2-2.0.6.1.jar:"/>
    <property name="sun.cpu.endian" value="little"/>
    <property name="user.home" value="/home/phuong"/>
    <property name="user.language" value="en"/>
    <property name="java.specification.vendor" value="Oracle Corporation"/>
    <property name="java.version.date" value="2022-04-22"/>
    <property name="java.home" value="/opt/jdk-17"/>
    <property name="file.separator" value="/"/>
    <property name="basedir" value="/media/phuong/DATA/Spring_ly_thuyet/lambdas"/>
    <property name="java.vm.compressedOopsMode" value="32-bit"/>
    <property name="line.separator" value="&#10;"/>
    <property name="java.vm.specification.vendor" value="Oracle Corporation"/>
    <property name="java.specification.name" value="Java Platform API Specification"/>
    <property name="surefire.real.class.path" value="/media/phuong/DATA/Spring_ly_thuyet/lambdas/target/surefire/surefirebooter3968313672754005141.jar"/>
    <property name="sun.management.compiler" value="HotSpot 64-Bit Tiered Compilers"/>
    <property name="java.runtime.version" value="17.0.3.1+2-LTS-6"/>
    <property name="user.name" value="phuong"/>
    <property name="path.separator" value=":"/>
    <property name="os.version" value="5.15.0-41-generic"/>
    <property name="java.runtime.name" value="Java(TM) SE Runtime Environment"/>
    <property name="file.encoding" value="UTF-8"/>
    <property name="java.vm.name" value="Java HotSpot(TM) 64-Bit Server VM"/>
    <property name="localRepository" value="/home/phuong/.m2/repository"/>
    <property name="java.vendor.url.bug" value="https://bugreport.java.com/bugreport/"/>
    <property name="java.io.tmpdir" value="/tmp"/>
    <property name="java.version" value="17.0.3.1"/>
    <property name="user.dir" value="/media/phuong/DATA/Spring_ly_thuyet/lambdas"/>
    <property name="os.arch" value="amd64"/>
    <property name="java.vm.specification.name" value="Java Virtual Machine Specification"/>
    <property name="native.encoding" value="UTF-8"/>
    <property name="java.library.path" value="/usr/java/packages/lib:/usr/lib64:/lib64:/lib:/usr/lib"/>
    <property name="java.vm.info" value="mixed mode, sharing"/>
    <property name="java.vendor" value="Oracle Corporation"/>
    <property name="java.vm.version" value="17.0.3.1+2-LTS-6"/>
    <property name="sun.io.unicode.encoding" value="UnicodeLittle"/>
    <property name="java.class.version" value="61.0"/>
  </properties>
  <testcase name="shouldAnswerWithTrue" classname="com.semanticsquare.lambdas.AppTest" time="0.001"/>
</testsuite>